<?xml version="1.0" encoding="UTF-8" standalone="yes"?><!DOCTYPE report PUBLIC "-//JACOCO//DTD Report 1.1//EN" "report.dtd"><report name="roman-number"><sessioninfo id="nicholas-HP-Pavilion-Laptop-15-eg1xxx-bbff8083" start="1746607344724" dump="1746607345047"/><sessioninfo id="DESKTOP-DVH0D2V-d7db2eaa" start="1746691028434" dump="1746691029127"/><sessioninfo id="DESKTOP-DVH0D2V-7ca85143" start="1746691086797" dump="1746691087410"/><sessioninfo id="DESKTOP-DVH0D2V-5d6acf58" start="1746691296693" dump="1746691297276"/><sessioninfo id="DESKTOP-DVH0D2V-94fcbc7a" start="1746691368470" dump="1746691369043"/><sessioninfo id="DESKTOP-DVH0D2V-c68a678d" start="1746691387162" dump="1746691387768"/><sessioninfo id="DESKTOP-DVH0D2V-20048e81" start="1746691404658" dump="1746691405244"/><sessioninfo id="DESKTOP-DVH0D2V-a8a0d83c" start="1746691424624" dump="1746691425235"/><sessioninfo id="DESKTOP-DVH0D2V-a6e49703" start="1746691443063" dump="1746691443661"/><sessioninfo id="DESKTOP-DVH0D2V-7575d943" start="1746691474920" dump="1746691475488"/><sessioninfo id="DESKTOP-DVH0D2V-c3e5efd5" start="1746691500919" dump="1746691501501"/><sessioninfo id="DESKTOP-DVH0D2V-64307e37" start="1746691706798" dump="1746691707402"/><sessioninfo id="DESKTOP-DVH0D2V-815d792f" start="1746692009993" dump="1746692010632"/><sessioninfo id="DESKTOP-DVH0D2V-73e869dd" start="1746692037554" dump="1746692038154"/><sessioninfo id="DESKTOP-DVH0D2V-283e4684" start="1746693006192" dump="1746693006807"/><sessioninfo id="DESKTOP-DVH0D2V-80738626" start="1746693084475" dump="1746693085061"/><package name="it/unipd/mtss"><class name="it/unipd/mtss/App" sourcefilename="App.java"><method name="&lt;init&gt;" desc="()V" line="11"><counter type="INSTRUCTION" missed="3" covered="0"/><counter type="LINE" missed="1" covered="0"/><counter type="COMPLEXITY" missed="1" covered="0"/><counter type="METHOD" missed="1" covered="0"/></method><method name="main" desc="([Ljava/lang/String;)V" line="15"><counter type="INSTRUCTION" missed="4" covered="0"/><counter type="LINE" missed="2" covered="0"/><counter type="COMPLEXITY" missed="1" covered="0"/><counter type="METHOD" missed="1" covered="0"/></method><counter type="INSTRUCTION" missed="7" covered="0"/><counter type="LINE" missed="3" covered="0"/><counter type="COMPLEXITY" missed="2" covered="0"/><counter type="METHOD" missed="2" covered="0"/><counter type="CLASS" missed="1" covered="0"/></class><class name="it/unipd/mtss/IntegerToRoman" sourcefilename="IntegerToRoman.java"><method name="&lt;init&gt;" desc="()V" line="7"><counter type="INSTRUCTION" missed="3" covered="0"/><counter type="LINE" missed="1" covered="0"/><counter type="COMPLEXITY" missed="1" covered="0"/><counter type="METHOD" missed="1" covered="0"/></method><method name="convert" desc="(I)Ljava/lang/String;" line="9"><counter type="INSTRUCTION" missed="296" covered="0"/><counter type="BRANCH" missed="32" covered="0"/><counter type="LINE" missed="37" covered="0"/><counter type="COMPLEXITY" missed="29" covered="0"/><counter type="METHOD" missed="1" covered="0"/></method><counter type="INSTRUCTION" missed="299" covered="0"/><counter type="BRANCH" missed="32" covered="0"/><counter type="LINE" missed="38" covered="0"/><counter type="COMPLEXITY" missed="30" covered="0"/><counter type="METHOD" missed="2" covered="0"/><counter type="CLASS" missed="1" covered="0"/></class><sourcefile name="App.java"><line nr="11" mi="3" ci="0" mb="0" cb="0"/><line nr="15" mi="3" ci="0" mb="0" cb="0"/><line nr="16" mi="1" ci="0" mb="0" cb="0"/><counter type="INSTRUCTION" missed="7" covered="0"/><counter type="LINE" missed="3" covered="0"/><counter type="COMPLEXITY" missed="2" covered="0"/><counter type="METHOD" missed="2" covered="0"/><counter type="CLASS" missed="1" covered="0"/></sourcefile><sourcefile name="IntegerToRoman.java"><line nr="7" mi="3" ci="0" mb="0" cb="0"/><line nr="9" mi="3" ci="0" mb="2" cb="0"/><line nr="10" mi="2" ci="0" mb="0" cb="0"/><line nr="13" mi="2" ci="0" mb="0" cb="0"/><line nr="14" mi="4" ci="0" mb="0" cb="0"/><line nr="15" mi="6" ci="0" mb="0" cb="0"/><line nr="16" mi="4" ci="0" mb="0" cb="0"/><line nr="18" mi="2" ci="0" mb="10" cb="0"/><line nr="19" mi="10" ci="0" mb="0" cb="0"/><line nr="20" mi="10" ci="0" mb="0" cb="0"/><line nr="21" mi="10" ci="0" mb="0" cb="0"/><line nr="22" mi="10" ci="0" mb="0" cb="0"/><line nr="23" mi="10" ci="0" mb="0" cb="0"/><line nr="24" mi="10" ci="0" mb="0" cb="0"/><line nr="25" mi="10" ci="0" mb="0" cb="0"/><line nr="26" mi="10" ci="0" mb="0" cb="0"/><line nr="27" mi="9" ci="0" mb="0" cb="0"/><line nr="30" mi="2" ci="0" mb="10" cb="0"/><line nr="31" mi="10" ci="0" mb="0" cb="0"/><line nr="32" mi="10" ci="0" mb="0" cb="0"/><line nr="33" mi="10" ci="0" mb="0" cb="0"/><line nr="34" mi="10" ci="0" mb="0" cb="0"/><line nr="35" mi="10" ci="0" mb="0" cb="0"/><line nr="36" mi="10" ci="0" mb="0" cb="0"/><line nr="37" mi="10" ci="0" mb="0" cb="0"/><line nr="38" mi="10" ci="0" mb="0" cb="0"/><line nr="39" mi="9" ci="0" mb="0" cb="0"/><line nr="42" mi="2" ci="0" mb="10" cb="0"/><line nr="43" mi="10" ci="0" mb="0" cb="0"/><line nr="44" mi="10" ci="0" mb="0" cb="0"/><line nr="45" mi="10" ci="0" mb="0" cb="0"/><line nr="46" mi="10" ci="0" mb="0" cb="0"/><line nr="47" mi="10" ci="0" mb="0" cb="0"/><line nr="48" mi="10" ci="0" mb="0" cb="0"/><line nr="49" mi="10" ci="0" mb="0" cb="0"/><line nr="50" mi="10" ci="0" mb="0" cb="0"/><line nr="51" mi="9" ci="0" mb="0" cb="0"/><line nr="54" mi="2" ci="0" mb="0" cb="0"/><counter type="INSTRUCTION" missed="299" covered="0"/><counter type="BRANCH" missed="32" covered="0"/><counter type="LINE" missed="38" covered="0"/><counter type="COMPLEXITY" missed="30" covered="0"/><counter type="METHOD" missed="2" covered="0"/><counter type="CLASS" missed="1" covered="0"/></sourcefile><counter type="INSTRUCTION" missed="306" covered="0"/><counter type="BRANCH" missed="32" covered="0"/><counter type="LINE" missed="41" covered="0"/><counter type="COMPLEXITY" missed="32" covered="0"/><counter type="METHOD" missed="4" covered="0"/><counter type="CLASS" missed="2" covered="0"/></package><counter type="INSTRUCTION" missed="306" covered="0"/><counter type="BRANCH" missed="32" covered="0"/><counter type="LINE" missed="41" covered="0"/><counter type="COMPLEXITY" missed="32" covered="0"/><counter type="METHOD" missed="4" covered="0"/><counter type="CLASS" missed="2" covered="0"/></report>