<?xml version="1.0" encoding="UTF-8" standalone="yes"?><!DOCTYPE report PUBLIC "-//JACOCO//DTD Report 1.1//EN" "report.dtd"><report name="roman-number"><sessioninfo id="nicholas-HP-Pavilion-Laptop-15-eg1xxx-bbff8083" start="1746607344724" dump="1746607345047"/><sessioninfo id="DESKTOP-DVH0D2V-d7db2eaa" start="1746691028434" dump="1746691029127"/><sessioninfo id="DESKTOP-DVH0D2V-7ca85143" start="1746691086797" dump="1746691087410"/><sessioninfo id="DESKTOP-DVH0D2V-5d6acf58" start="1746691296693" dump="1746691297276"/><sessioninfo id="DESKTOP-DVH0D2V-94fcbc7a" start="1746691368470" dump="1746691369043"/><sessioninfo id="DESKTOP-DVH0D2V-c68a678d" start="1746691387162" dump="1746691387768"/><sessioninfo id="DESKTOP-DVH0D2V-20048e81" start="1746691404658" dump="1746691405244"/><sessioninfo id="DESKTOP-DVH0D2V-a8a0d83c" start="1746691424624" dump="1746691425235"/><sessioninfo id="DESKTOP-DVH0D2V-a6e49703" start="1746691443063" dump="1746691443661"/><sessioninfo id="DESKTOP-DVH0D2V-7575d943" start="1746691474920" dump="1746691475488"/><sessioninfo id="DESKTOP-DVH0D2V-c3e5efd5" start="1746691500919" dump="1746691501501"/><sessioninfo id="DESKTOP-DVH0D2V-64307e37" start="1746691706798" dump="1746691707402"/><sessioninfo id="DESKTOP-DVH0D2V-815d792f" start="1746692009993" dump="1746692010632"/><sessioninfo id="DESKTOP-DVH0D2V-73e869dd" start="1746692037554" dump="1746692038154"/><sessioninfo id="DESKTOP-DVH0D2V-283e4684" start="1746693006192" dump="1746693006807"/><sessioninfo id="DESKTOP-DVH0D2V-80738626" start="1746693084475" dump="1746693085061"/><sessioninfo id="DESKTOP-DVH0D2V-9799f24" start="1746694966183" dump="1746694966774"/><sessioninfo id="DESKTOP-DVH0D2V-4083fb99" start="1746695042765" dump="1746695043339"/><package name="it/unipd/mtss"><class name="it/unipd/mtss/App" sourcefilename="App.java"><method name="&lt;init&gt;" desc="()V" line="11"><counter type="INSTRUCTION" missed="3" covered="0"/><counter type="LINE" missed="1" covered="0"/><counter type="COMPLEXITY" missed="1" covered="0"/><counter type="METHOD" missed="1" covered="0"/></method><method name="main" desc="([Ljava/lang/String;)V" line="15"><counter type="INSTRUCTION" missed="4" covered="0"/><counter type="LINE" missed="2" covered="0"/><counter type="COMPLEXITY" missed="1" covered="0"/><counter type="METHOD" missed="1" covered="0"/></method><counter type="INSTRUCTION" missed="7" covered="0"/><counter type="LINE" missed="3" covered="0"/><counter type="COMPLEXITY" missed="2" covered="0"/><counter type="METHOD" missed="2" covered="0"/><counter type="CLASS" missed="1" covered="0"/></class><class name="it/unipd/mtss/IntegerToRoman" sourcefilename="IntegerToRoman.java"><method name="&lt;init&gt;" desc="()V" line="7"><counter type="INSTRUCTION" missed="3" covered="0"/><counter type="LINE" missed="1" covered="0"/><counter type="COMPLEXITY" missed="1" covered="0"/><counter type="METHOD" missed="1" covered="0"/></method><method name="convert" desc="(I)Ljava/lang/String;" line="10"><counter type="INSTRUCTION" missed="307" covered="0"/><counter type="BRANCH" missed="36" covered="0"/><counter type="LINE" missed="63" covered="0"/><counter type="COMPLEXITY" missed="31" covered="0"/><counter type="METHOD" missed="1" covered="0"/></method><counter type="INSTRUCTION" missed="310" covered="0"/><counter type="BRANCH" missed="36" covered="0"/><counter type="LINE" missed="64" covered="0"/><counter type="COMPLEXITY" missed="32" covered="0"/><counter type="METHOD" missed="2" covered="0"/><counter type="CLASS" missed="1" covered="0"/></class><sourcefile name="App.java"><line nr="11" mi="3" ci="0" mb="0" cb="0"/><line nr="15" mi="3" ci="0" mb="0" cb="0"/><line nr="16" mi="1" ci="0" mb="0" cb="0"/><counter type="INSTRUCTION" missed="7" covered="0"/><counter type="LINE" missed="3" covered="0"/><counter type="COMPLEXITY" missed="2" covered="0"/><counter type="METHOD" missed="2" covered="0"/><counter type="CLASS" missed="1" covered="0"/></sourcefile><sourcefile name="IntegerToRoman.java"><line nr="7" mi="3" ci="0" mb="0" cb="0"/><line nr="10" mi="6" ci="0" mb="4" cb="0"/><line nr="11" mi="5" ci="0" mb="0" cb="0"/><line nr="14" mi="3" ci="0" mb="2" cb="0"/><line nr="15" mi="2" ci="0" mb="0" cb="0"/><line nr="18" mi="2" ci="0" mb="0" cb="0"/><line nr="19" mi="4" ci="0" mb="0" cb="0"/><line nr="20" mi="6" ci="0" mb="0" cb="0"/><line nr="21" mi="4" ci="0" mb="0" cb="0"/><line nr="23" mi="2" ci="0" mb="10" cb="0"/><line nr="25" mi="9" ci="0" mb="0" cb="0"/><line nr="26" mi="1" ci="0" mb="0" cb="0"/><line nr="28" mi="9" ci="0" mb="0" cb="0"/><line nr="29" mi="1" ci="0" mb="0" cb="0"/><line nr="31" mi="9" ci="0" mb="0" cb="0"/><line nr="32" mi="1" ci="0" mb="0" cb="0"/><line nr="34" mi="9" ci="0" mb="0" cb="0"/><line nr="35" mi="1" ci="0" mb="0" cb="0"/><line nr="37" mi="9" ci="0" mb="0" cb="0"/><line nr="38" mi="1" ci="0" mb="0" cb="0"/><line nr="40" mi="9" ci="0" mb="0" cb="0"/><line nr="41" mi="1" ci="0" mb="0" cb="0"/><line nr="43" mi="9" ci="0" mb="0" cb="0"/><line nr="44" mi="1" ci="0" mb="0" cb="0"/><line nr="46" mi="9" ci="0" mb="0" cb="0"/><line nr="47" mi="1" ci="0" mb="0" cb="0"/><line nr="49" mi="9" ci="0" mb="0" cb="0"/><line nr="53" mi="2" ci="0" mb="10" cb="0"/><line nr="55" mi="9" ci="0" mb="0" cb="0"/><line nr="56" mi="1" ci="0" mb="0" cb="0"/><line nr="58" mi="9" ci="0" mb="0" cb="0"/><line nr="59" mi="1" ci="0" mb="0" cb="0"/><line nr="61" mi="9" ci="0" mb="0" cb="0"/><line nr="62" mi="1" ci="0" mb="0" cb="0"/><line nr="64" mi="9" ci="0" mb="0" cb="0"/><line nr="65" mi="1" ci="0" mb="0" cb="0"/><line nr="67" mi="9" ci="0" mb="0" cb="0"/><line nr="68" mi="1" ci="0" mb="0" cb="0"/><line nr="70" mi="9" ci="0" mb="0" cb="0"/><line nr="71" mi="1" ci="0" mb="0" cb="0"/><line nr="73" mi="9" ci="0" mb="0" cb="0"/><line nr="74" mi="1" ci="0" mb="0" cb="0"/><line nr="76" mi="9" ci="0" mb="0" cb="0"/><line nr="77" mi="1" ci="0" mb="0" cb="0"/><line nr="79" mi="9" ci="0" mb="0" cb="0"/><line nr="83" mi="2" ci="0" mb="10" cb="0"/><line nr="85" mi="9" ci="0" mb="0" cb="0"/><line nr="86" mi="1" ci="0" mb="0" cb="0"/><line nr="88" mi="9" ci="0" mb="0" cb="0"/><line nr="89" mi="1" ci="0" mb="0" cb="0"/><line nr="91" mi="9" ci="0" mb="0" cb="0"/><line nr="92" mi="1" ci="0" mb="0" cb="0"/><line nr="94" mi="9" ci="0" mb="0" cb="0"/><line nr="95" mi="1" ci="0" mb="0" cb="0"/><line nr="97" mi="9" ci="0" mb="0" cb="0"/><line nr="98" mi="1" ci="0" mb="0" cb="0"/><line nr="100" mi="9" ci="0" mb="0" cb="0"/><line nr="101" mi="1" ci="0" mb="0" cb="0"/><line nr="103" mi="9" ci="0" mb="0" cb="0"/><line nr="104" mi="1" ci="0" mb="0" cb="0"/><line nr="106" mi="9" ci="0" mb="0" cb="0"/><line nr="107" mi="1" ci="0" mb="0" cb="0"/><line nr="109" mi="9" ci="0" mb="0" cb="0"/><line nr="113" mi="2" ci="0" mb="0" cb="0"/><counter type="INSTRUCTION" missed="310" covered="0"/><counter type="BRANCH" missed="36" covered="0"/><counter type="LINE" missed="64" covered="0"/><counter type="COMPLEXITY" missed="32" covered="0"/><counter type="METHOD" missed="2" covered="0"/><counter type="CLASS" missed="1" covered="0"/></sourcefile><counter type="INSTRUCTION" missed="317" covered="0"/><counter type="BRANCH" missed="36" covered="0"/><counter type="LINE" missed="67" covered="0"/><counter type="COMPLEXITY" missed="34" covered="0"/><counter type="METHOD" missed="4" covered="0"/><counter type="CLASS" missed="2" covered="0"/></package><counter type="INSTRUCTION" missed="317" covered="0"/><counter type="BRANCH" missed="36" covered="0"/><counter type="LINE" missed="67" covered="0"/><counter type="COMPLEXITY" missed="34" covered="0"/><counter type="METHOD" missed="4" covered="0"/><counter type="CLASS" missed="2" covered="0"/></report>